<?xml version="1.0" encoding="UTF-8"?>
<!-- Generated by org.testng.reporters.JUnitReportReporter -->
<testsuite hostname="LP1-AP-51660102" failures="0" tests="1" name="com.mystore.qa.testcases.SignInPageTest" time="7.277" errors="0" timestamp="20 Apr 2021 11:07:32 GMT">
  <testcase classname="com.mystore.qa.testcases.SignInPageTest" name="SignInTest" time="7.277"/>
</testsuite> <!-- com.mystore.qa.testcases.SignInPageTest -->
