<?xml version="1.0" encoding="UTF-8"?>
<!-- Generated by org.testng.reporters.JUnitReportReporter -->
<testsuite hostname="LP1-AP-51660102" failures="0" tests="1" name="com.mystore.qa.testcases.WomenDressesPageTest" time="41.660" errors="0" timestamp="16 Mar 2021 12:50:13 GMT">
  <testcase classname="com.mystore.qa.testcases.WomenDressesPageTest" name="selectItems" time="41.660"/>
</testsuite> <!-- com.mystore.qa.testcases.WomenDressesPageTest -->
