<?xml version="1.0" encoding="UTF-8"?>
<!-- Generated by org.testng.reporters.JUnitReportReporter -->
<testsuite hostname="LP1-AP-51660102" failures="0" tests="1" name="com.mystore.qa.testcases.AddNewAddressPageTest" time="27.542" errors="0" timestamp="16 Mar 2021 08:49:48 GMT">
  <testcase classname="com.mystore.qa.testcases.AddNewAddressPageTest" name="newAddressdetails" time="27.542"/>
</testsuite> <!-- com.mystore.qa.testcases.AddNewAddressPageTest -->
