<?xml version="1.0" encoding="UTF-8"?>
<!-- Generated by org.testng.reporters.JUnitReportReporter -->
<testsuite hostname="LP1-AP-51660102" failures="0" tests="1" name="com.mystore.qa.testcases.LoginPageTest" time="8.256" errors="0" timestamp="20 Apr 2021 12:01:52 GMT">
  <testcase classname="com.mystore.qa.testcases.LoginPageTest" name="LogInTest" time="8.256"/>
</testsuite> <!-- com.mystore.qa.testcases.LoginPageTest -->
