<?xml version="1.0" encoding="UTF-8"?>
<!-- Generated by org.testng.reporters.JUnitReportReporter -->
<testsuite hostname="LP1-AP-51660102" failures="0" tests="1" name="com.mystore.qa.testcases.OrderHistoryPageTest" time="24.192" errors="0" timestamp="16 Mar 2021 16:09:49 GMT">
  <testcase classname="com.mystore.qa.testcases.OrderHistoryPageTest" name="orderHistoryDetails" time="24.192"/>
</testsuite> <!-- com.mystore.qa.testcases.OrderHistoryPageTest -->
