<?xml version="1.0" encoding="UTF-8"?>
<!-- Generated by org.testng.reporters.JUnitReportReporter -->
<testsuite hostname="LP1-AP-51660102" failures="0" tests="2" name="com.mystore.qa.testcases.CheckoutPageTest" time="147.154" errors="0" timestamp="16 Mar 2021 16:09:49 GMT">
  <testcase classname="com.mystore.qa.testcases.CheckoutPageTest" name="checkoutPageTitleTest" time="58.811"/>
  <testcase classname="com.mystore.qa.testcases.CheckoutPageTest" name="confirmOrder" time="88.343"/>
</testsuite> <!-- com.mystore.qa.testcases.CheckoutPageTest -->
